/home/user/ros2_ws/install/cartographer_slam/lib/python3.10/site-packages/cartographer_slam/__init__.py
/home/user/ros2_ws/install/cartographer_slam/lib/python3.10/site-packages/cartographer_slam/__pycache__/__init__.cpython-310.pyc
/home/user/ros2_ws/install/cartographer_slam/share/ament_index/resource_index/packages/cartographer_slam
/home/user/ros2_ws/install/cartographer_slam/share/cartographer_slam/package.xml
/home/user/ros2_ws/install/cartographer_slam/share/cartographer_slam/launch/cartographer_sim.launch.py
/home/user/ros2_ws/install/cartographer_slam/share/cartographer_slam/launch/cartographer_tb4_real.launch.py
/home/user/ros2_ws/install/cartographer_slam/share/cartographer_slam/launch/tb4_rviz.launch.py
/home/user/ros2_ws/install/cartographer_slam/share/cartographer_slam/launch/cartographer_real.launch.py
/home/user/ros2_ws/install/cartographer_slam/share/cartographer_slam/config/limo_area_real.pgm
/home/user/ros2_ws/install/cartographer_slam/share/cartographer_slam/config/tb4_area_real.yaml
/home/user/ros2_ws/install/cartographer_slam/share/cartographer_slam/config/cartographer_tb4_real.lua
/home/user/ros2_ws/install/cartographer_slam/share/cartographer_slam/config/limo_area_real.yaml
/home/user/ros2_ws/install/cartographer_slam/share/cartographer_slam/config/cartographer.lua
/home/user/ros2_ws/install/cartographer_slam/share/cartographer_slam/config/tb4_area_real.pgm
/home/user/ros2_ws/install/cartographer_slam/lib/python3.10/site-packages/cartographer_slam-0.0.0-py3.10.egg-info/PKG-INFO
/home/user/ros2_ws/install/cartographer_slam/lib/python3.10/site-packages/cartographer_slam-0.0.0-py3.10.egg-info/zip-safe
/home/user/ros2_ws/install/cartographer_slam/lib/python3.10/site-packages/cartographer_slam-0.0.0-py3.10.egg-info/top_level.txt
/home/user/ros2_ws/install/cartographer_slam/lib/python3.10/site-packages/cartographer_slam-0.0.0-py3.10.egg-info/requires.txt
/home/user/ros2_ws/install/cartographer_slam/lib/python3.10/site-packages/cartographer_slam-0.0.0-py3.10.egg-info/entry_points.txt
/home/user/ros2_ws/install/cartographer_slam/lib/python3.10/site-packages/cartographer_slam-0.0.0-py3.10.egg-info/SOURCES.txt
/home/user/ros2_ws/install/cartographer_slam/lib/python3.10/site-packages/cartographer_slam-0.0.0-py3.10.egg-info/dependency_links.txt
